[01:46:27] [Client thread/INFO]: Setting user: Player568
[01:46:30] [Client thread/INFO]: LWJGL Version: 2.9.1
[01:46:36] [Client thread/INFO]: Reloading ResourceManager: Default, FMLFileResourcePack:Forge Mod Loader, FMLFileResourcePack:Minecraft Forge, FMLFileResourcePack:Test Mod Begins
[01:46:37] [Sound Library Loader/INFO]: Starting up SoundSystem...
[01:46:37] [Thread-9/INFO]: Initializing LWJGL OpenAL
[01:46:37] [Thread-9/INFO]: (The LWJGL binding of OpenAL.  For more information, see http://www.lwjgl.org)
[01:46:37] [Thread-9/INFO]: OpenAL initialized.
[01:46:37] [Sound Library Loader/INFO]: Sound engine started
[01:46:40] [Client thread/INFO]: Created: 16x16 textures-atlas
[01:46:42] [Client thread/INFO]: Reloading ResourceManager: Default, FMLFileResourcePack:Forge Mod Loader, FMLFileResourcePack:Minecraft Forge, FMLFileResourcePack:Test Mod Begins
[01:46:42] [Client thread/INFO]: SoundSystem shutting down...
[01:46:42] [Client thread/WARN]: Author: Paul Lamb, www.paulscode.com
[01:46:42] [Sound Library Loader/INFO]: Starting up SoundSystem...
[01:46:42] [Thread-11/INFO]: Initializing LWJGL OpenAL
[01:46:42] [Thread-11/INFO]: (The LWJGL binding of OpenAL.  For more information, see http://www.lwjgl.org)
[01:46:42] [Thread-11/INFO]: OpenAL initialized.
[01:46:43] [Sound Library Loader/INFO]: Sound engine started
[01:46:45] [Client thread/INFO]: Created: 512x512 textures-atlas
[01:46:51] [Client thread/INFO]: Stopping!
[01:46:51] [Client thread/INFO]: SoundSystem shutting down...
[01:46:51] [Client thread/WARN]: Author: Paul Lamb, www.paulscode.com
